Lancement du 20240419 17h40 version release DK
----------------------------------------------

9 8 7 6 5 4 3 2 1 0 
.db.
---contenu de la DB au RESET------------------------
DB nversion=1.2 maxKey=128 keyCount=5 mpuUID=40395776
00 dbAllocationTable[32]   4C696D61 79726163 00646802 02000100 05000000 80000000 FFFFFFFF FFFFFFFF Limayrac.dh.....................
01 MaStructure[8]          21000000 30000000 !...0...
02 password[32]            31323334 35360064 00000000 00000000 00000000 00000000 00000000 00000000 123456.d........................
03 itest[4]                F7FCFFFF ....
04 ctest[32]               48656C6C 6F20776F 726C6400 00000000 07000000 B0490008 FFFFFFFF 00440040 Hello.world..........I.......D.@

---contenu de la DB après formatage-----------------
DB nversion=1.2 maxKey=128 keyCount=1 mpuUID=40395776
00 dbAllocationTable[32]   4C696D61 79726163 00646802 02000100 01000000 80000000 FFFFFFFF FFFFFFFF Limayrac.dh.....................

---dbset--- testArrayChar password shadok ----------
DB nversion=1.2 maxKey=128 keyCount=4 mpuUID=40395776
00 dbAllocationTable[32]   4C696D61 79726163 00646802 02000100 04000000 80000000 FFFFFFFF FFFFFFFF Limayrac.dh.....................
01 testArrayChar[32]       4772616E 64652063 6861696E 65206465 20636172 616374C3 A8726573 00000000 Grande.chaine.de.caract..res....
02 password[32]            31323334 61626364 00000000 00000000 00000000 00000000 00000000 00000000 1234abcd........................
03 shadok[4]               AAB96500 ..e.

---modif+dbset password ----------------------------
DB nversion=1.2 maxKey=128 keyCount=4 mpuUID=40395776
00 dbAllocationTable[32]   4C696D61 79726163 00646802 02000100 04000000 80000000 FFFFFFFF FFFFFFFF Limayrac.dh.....................
01 testArrayChar[32]       4772616E 64652063 6861696E 65206465 20636172 616374C3 A8726573 00000000 Grande.chaine.de.caract..res....
02 password[32]            31323334 35360064 00000000 00000000 00000000 00000000 00000000 00000000 123456.d........................
03 shadok[4]               AAB96500 ..e.

---dbset+modif+dbget d'une structure : MaStructureMaStructure={33,0}
DB nversion=1.2 maxKey=128 keyCount=5 mpuUID=40395776
00 dbAllocationTable[32]   4C696D61 79726163 00646802 02000100 05000000 80000000 FFFFFFFF FFFFFFFF Limayrac.dh.....................
01 testArrayChar[32]       4772616E 64652063 6861696E 65206465 20636172 616374C3 A8726573 00000000 Grande.chaine.de.caract..res....
02 password[32]            31323334 35360064 00000000 00000000 00000000 00000000 00000000 00000000 123456.d........................
03 shadok[4]               AAB96500 ..e.
04 MaStructure[8]          21000000 30000000 !...0...

---reset--------------------------------------------
hippp 123456 6666666

---dbdel de testArrayChar --------------------------
DB nversion=1.2 maxKey=128 keyCount=4 mpuUID=40395776
00 dbAllocationTable[32]   4C696D61 79726163 00646802 02000100 04000000 80000000 FFFFFFFF FFFFFFFF Limayrac.dh.....................
01 MaStructure[8]          21000000 30000000 !...0...
02 password[32]            31323334 35360064 00000000 00000000 00000000 00000000 00000000 00000000 123456.d........................
03 shadok[4]               AAB96500 ..e.

---dbdel de shadok --------------------------
DB nversion=1.2 maxKey=128 keyCount=3 mpuUID=40395776
00 dbAllocationTable[32]   4C696D61 79726163 00646802 02000100 03000000 80000000 FFFFFFFF FFFFFFFF Limayrac.dh.....................
01 MaStructure[8]          21000000 30000000 !...0...
02 password[32]            31323334 35360064 00000000 00000000 00000000 00000000 00000000 00000000 123456.d........................

---dbreadint et dbreadstr (equivalents d'un dbget avec valeur par défaut)
itest=-777 ctest=Hello world
DB nversion=1.2 maxKey=128 keyCount=5 mpuUID=40395776
00 dbAllocationTable[32]   4C696D61 79726163 00646802 02000100 05000000 80000000 FFFFFFFF FFFFFFFF Limayrac.dh.....................
01 MaStructure[8]          21000000 30000000 !...0...
02 password[32]            31323334 35360064 00000000 00000000 00000000 00000000 00000000 00000000 123456.d........................
03 itest[4]                F7FCFFFF ....
04 ctest[32]               48656C6C 6F20776F 726C6400 00000000 07000000 B0490008 FFFFFFFF 00440040 Hello.world..........I.......D.@

----QuiriUID----------------------------------------
QuiriUID :0:100:104:2:99:99:
.........